[02-Jan-2021 09:19:20 UTC] PHP Warning:  mysqli_real_connect(): (HY000/2002): No such file or directory in /home/cedcoss/Local Sites/template/app/public/wp-includes/wp-db.php on line 1653
[02-Jan-2021 09:19:20 UTC] PHP Stack trace:
[02-Jan-2021 09:19:20 UTC] PHP   1. {main}() /opt/Local/resources/extraResources/bin/wp-cli/wp-cli.phar:0
[02-Jan-2021 09:19:20 UTC] PHP   2. include() /opt/Local/resources/extraResources/bin/wp-cli/wp-cli.phar:4
[02-Jan-2021 09:19:20 UTC] PHP   3. include() phar:///opt/Local/resources/extraResources/bin/wp-cli/wp-cli.phar/php/boot-phar.php:11
[02-Jan-2021 09:19:20 UTC] PHP   4. WP_CLI\bootstrap() phar:///opt/Local/resources/extraResources/bin/wp-cli/wp-cli.phar/vendor/wp-cli/wp-cli/php/wp-cli.php:27
[02-Jan-2021 09:19:20 UTC] PHP   5. WP_CLI\Bootstrap\LaunchRunner->process() phar:///opt/Local/resources/extraResources/bin/wp-cli/wp-cli.phar/vendor/wp-cli/wp-cli/php/bootstrap.php:74
[02-Jan-2021 09:19:20 UTC] PHP   6. WP_CLI\Runner->start() phar:///opt/Local/resources/extraResources/bin/wp-cli/wp-cli.phar/vendor/wp-cli/wp-cli/php/WP_CLI/Bootstrap/LaunchRunner.php:23
[02-Jan-2021 09:19:20 UTC] PHP   7. WP_CLI\Runner->load_wordpress() phar:///opt/Local/resources/extraResources/bin/wp-cli/wp-cli.phar/vendor/wp-cli/wp-cli/php/WP_CLI/Runner.php:1158
[02-Jan-2021 09:19:20 UTC] PHP   8. require() phar:///opt/Local/resources/extraResources/bin/wp-cli/wp-cli.phar/vendor/wp-cli/wp-cli/php/WP_CLI/Runner.php:1237
[02-Jan-2021 09:19:20 UTC] PHP   9. require_wp_db() /home/cedcoss/Local Sites/template/app/public/wp-settings.php:124
[02-Jan-2021 09:19:20 UTC] PHP  10. wpdb->__construct() /home/cedcoss/Local Sites/template/app/public/wp-includes/load.php:527
[02-Jan-2021 09:19:20 UTC] PHP  11. wpdb->db_connect() /home/cedcoss/Local Sites/template/app/public/wp-includes/wp-db.php:632
[02-Jan-2021 09:19:20 UTC] PHP  12. mysqli_real_connect() /home/cedcoss/Local Sites/template/app/public/wp-includes/wp-db.php:1653
[02-Jan-2021 10:40:32 UTC] PHP Warning:  mysqli_real_connect(): (HY000/2002): No such file or directory in /home/cedcoss/Local Sites/template/app/public/wp-includes/wp-db.php on line 1653
[02-Jan-2021 10:40:32 UTC] PHP Stack trace:
[02-Jan-2021 10:40:32 UTC] PHP   1. {main}() /opt/Local/resources/extraResources/bin/wp-cli/wp-cli.phar:0
[02-Jan-2021 10:40:32 UTC] PHP   2. include() /opt/Local/resources/extraResources/bin/wp-cli/wp-cli.phar:4
[02-Jan-2021 10:40:32 UTC] PHP   3. include() phar:///opt/Local/resources/extraResources/bin/wp-cli/wp-cli.phar/php/boot-phar.php:11
[02-Jan-2021 10:40:32 UTC] PHP   4. WP_CLI\bootstrap() phar:///opt/Local/resources/extraResources/bin/wp-cli/wp-cli.phar/vendor/wp-cli/wp-cli/php/wp-cli.php:27
[02-Jan-2021 10:40:32 UTC] PHP   5. WP_CLI\Bootstrap\LaunchRunner->process() phar:///opt/Local/resources/extraResources/bin/wp-cli/wp-cli.phar/vendor/wp-cli/wp-cli/php/bootstrap.php:74
[02-Jan-2021 10:40:32 UTC] PHP   6. WP_CLI\Runner->start() phar:///opt/Local/resources/extraResources/bin/wp-cli/wp-cli.phar/vendor/wp-cli/wp-cli/php/WP_CLI/Bootstrap/LaunchRunner.php:23
[02-Jan-2021 10:40:32 UTC] PHP   7. WP_CLI\Runner->load_wordpress() phar:///opt/Local/resources/extraResources/bin/wp-cli/wp-cli.phar/vendor/wp-cli/wp-cli/php/WP_CLI/Runner.php:1158
[02-Jan-2021 10:40:32 UTC] PHP   8. require() phar:///opt/Local/resources/extraResources/bin/wp-cli/wp-cli.phar/vendor/wp-cli/wp-cli/php/WP_CLI/Runner.php:1237
[02-Jan-2021 10:40:32 UTC] PHP   9. require_wp_db() /home/cedcoss/Local Sites/template/app/public/wp-settings.php:124
[02-Jan-2021 10:40:32 UTC] PHP  10. wpdb->__construct() /home/cedcoss/Local Sites/template/app/public/wp-includes/load.php:527
[02-Jan-2021 10:40:32 UTC] PHP  11. wpdb->db_connect() /home/cedcoss/Local Sites/template/app/public/wp-includes/wp-db.php:632
[02-Jan-2021 10:40:32 UTC] PHP  12. mysqli_real_connect() /home/cedcoss/Local Sites/template/app/public/wp-includes/wp-db.php:1653
[02-Jan-2021 10:40:33 UTC] PHP Warning:  mysqli_real_connect(): (HY000/2002): No such file or directory in /home/cedcoss/Local Sites/template/app/public/wp-includes/wp-db.php on line 1653
[02-Jan-2021 10:40:33 UTC] PHP Stack trace:
[02-Jan-2021 10:40:33 UTC] PHP   1. {main}() /opt/Local/resources/extraResources/bin/wp-cli/wp-cli.phar:0
[02-Jan-2021 10:40:33 UTC] PHP   2. include() /opt/Local/resources/extraResources/bin/wp-cli/wp-cli.phar:4
[02-Jan-2021 10:40:33 UTC] PHP   3. include() phar:///opt/Local/resources/extraResources/bin/wp-cli/wp-cli.phar/php/boot-phar.php:11
[02-Jan-2021 10:40:33 UTC] PHP   4. WP_CLI\bootstrap() phar:///opt/Local/resources/extraResources/bin/wp-cli/wp-cli.phar/vendor/wp-cli/wp-cli/php/wp-cli.php:27
[02-Jan-2021 10:40:33 UTC] PHP   5. WP_CLI\Bootstrap\LaunchRunner->process() phar:///opt/Local/resources/extraResources/bin/wp-cli/wp-cli.phar/vendor/wp-cli/wp-cli/php/bootstrap.php:74
[02-Jan-2021 10:40:33 UTC] PHP   6. WP_CLI\Runner->start() phar:///opt/Local/resources/extraResources/bin/wp-cli/wp-cli.phar/vendor/wp-cli/wp-cli/php/WP_CLI/Bootstrap/LaunchRunner.php:23
[02-Jan-2021 10:40:33 UTC] PHP   7. WP_CLI\Runner->load_wordpress() phar:///opt/Local/resources/extraResources/bin/wp-cli/wp-cli.phar/vendor/wp-cli/wp-cli/php/WP_CLI/Runner.php:1158
[02-Jan-2021 10:40:33 UTC] PHP   8. require() phar:///opt/Local/resources/extraResources/bin/wp-cli/wp-cli.phar/vendor/wp-cli/wp-cli/php/WP_CLI/Runner.php:1237
[02-Jan-2021 10:40:33 UTC] PHP   9. require_wp_db() /home/cedcoss/Local Sites/template/app/public/wp-settings.php:124
[02-Jan-2021 10:40:33 UTC] PHP  10. wpdb->__construct() /home/cedcoss/Local Sites/template/app/public/wp-includes/load.php:527
[02-Jan-2021 10:40:33 UTC] PHP  11. wpdb->db_connect() /home/cedcoss/Local Sites/template/app/public/wp-includes/wp-db.php:632
[02-Jan-2021 10:40:33 UTC] PHP  12. mysqli_real_connect() /home/cedcoss/Local Sites/template/app/public/wp-includes/wp-db.php:1653
